<?xml version="1.0" encoding="UTF-8"?>
<testsuite xmlns:xsi="http://www.w3.org/2001/XMLSchema-instance" xsi:noNamespaceSchemaLocation="https://maven.apache.org/surefire/maven-surefire-plugin/xsd/surefire-test-report-3.0.xsd" version="3.0" name="dev.edwin.servicetests.EmployeeServiceTest" time="1.938" tests="10" errors="0" skipped="0" failures="0">
  <properties>
    <property name="gopherProxySet" value="false"/>
    <property name="awt.toolkit" value="sun.lwawt.macosx.LWCToolkit"/>
    <property name="java.specification.version" value="11"/>
    <property name="sun.cpu.isalist" value=""/>
    <property name="sun.jnu.encoding" value="UTF-8"/>
    <property name="java.class.path" value="/Users/feliberty/Documents/Revature/Projects/Project1/FullStack-Company-Reimbursement-System/Project1/target/test-classes:/Users/feliberty/Documents/Revature/Projects/Project1/FullStack-Company-Reimbursement-System/Project1/target/classes:/Users/feliberty/.m2/repository/org/junit/jupiter/junit-jupiter-engine/5.6.2/junit-jupiter-engine-5.6.2.jar:/Users/feliberty/.m2/repository/org/apiguardian/apiguardian-api/1.1.0/apiguardian-api-1.1.0.jar:/Users/feliberty/.m2/repository/org/junit/platform/junit-platform-engine/1.6.2/junit-platform-engine-1.6.2.jar:/Users/feliberty/.m2/repository/org/opentest4j/opentest4j/1.2.0/opentest4j-1.2.0.jar:/Users/feliberty/.m2/repository/org/junit/platform/junit-platform-commons/1.6.2/junit-platform-commons-1.6.2.jar:/Users/feliberty/.m2/repository/org/junit/jupiter/junit-jupiter-api/5.6.2/junit-jupiter-api-5.6.2.jar:/Users/feliberty/.m2/repository/io/javalin/javalin/3.9.1/javalin-3.9.1.jar:/Users/feliberty/.m2/repository/org/slf4j/slf4j-api/1.7.30/slf4j-api-1.7.30.jar:/Users/feliberty/.m2/repository/org/eclipse/jetty/jetty-server/9.4.30.v20200611/jetty-server-9.4.30.v20200611.jar:/Users/feliberty/.m2/repository/javax/servlet/javax.servlet-api/3.1.0/javax.servlet-api-3.1.0.jar:/Users/feliberty/.m2/repository/org/eclipse/jetty/jetty-http/9.4.30.v20200611/jetty-http-9.4.30.v20200611.jar:/Users/feliberty/.m2/repository/org/eclipse/jetty/jetty-util/9.4.30.v20200611/jetty-util-9.4.30.v20200611.jar:/Users/feliberty/.m2/repository/org/eclipse/jetty/jetty-io/9.4.30.v20200611/jetty-io-9.4.30.v20200611.jar:/Users/feliberty/.m2/repository/org/eclipse/jetty/jetty-webapp/9.4.30.v20200611/jetty-webapp-9.4.30.v20200611.jar:/Users/feliberty/.m2/repository/org/eclipse/jetty/jetty-xml/9.4.30.v20200611/jetty-xml-9.4.30.v20200611.jar:/Users/feliberty/.m2/repository/org/eclipse/jetty/jetty-servlet/9.4.30.v20200611/jetty-servlet-9.4.30.v20200611.jar:/Users/feliberty/.m2/repository/org/eclipse/jetty/jetty-security/9.4.30.v20200611/jetty-security-9.4.30.v20200611.jar:/Users/feliberty/.m2/repository/org/eclipse/jetty/websocket/websocket-server/9.4.30.v20200611/websocket-server-9.4.30.v20200611.jar:/Users/feliberty/.m2/repository/org/eclipse/jetty/websocket/websocket-common/9.4.30.v20200611/websocket-common-9.4.30.v20200611.jar:/Users/feliberty/.m2/repository/org/eclipse/jetty/websocket/websocket-api/9.4.30.v20200611/websocket-api-9.4.30.v20200611.jar:/Users/feliberty/.m2/repository/org/eclipse/jetty/websocket/websocket-client/9.4.30.v20200611/websocket-client-9.4.30.v20200611.jar:/Users/feliberty/.m2/repository/org/eclipse/jetty/jetty-client/9.4.30.v20200611/jetty-client-9.4.30.v20200611.jar:/Users/feliberty/.m2/repository/org/eclipse/jetty/websocket/websocket-servlet/9.4.30.v20200611/websocket-servlet-9.4.30.v20200611.jar:/Users/feliberty/.m2/repository/org/jetbrains/kotlin/kotlin-stdlib-jdk8/1.3.71/kotlin-stdlib-jdk8-1.3.71.jar:/Users/feliberty/.m2/repository/org/jetbrains/kotlin/kotlin-stdlib/1.3.71/kotlin-stdlib-1.3.71.jar:/Users/feliberty/.m2/repository/org/jetbrains/kotlin/kotlin-stdlib-common/1.3.71/kotlin-stdlib-common-1.3.71.jar:/Users/feliberty/.m2/repository/org/jetbrains/annotations/13.0/annotations-13.0.jar:/Users/feliberty/.m2/repository/org/jetbrains/kotlin/kotlin-stdlib-jdk7/1.3.71/kotlin-stdlib-jdk7-1.3.71.jar:/Users/feliberty/.m2/repository/org/slf4j/slf4j-simple/1.7.30/slf4j-simple-1.7.30.jar:/Users/feliberty/.m2/repository/com/google/code/gson/gson/2.8.6/gson-2.8.6.jar:/Users/feliberty/.m2/repository/org/mariadb/jdbc/mariadb-java-client/2.6.1/mariadb-java-client-2.6.1.jar:/Users/feliberty/.m2/repository/org/apache/maven/plugins/maven-shade-plugin/3.2.2/maven-shade-plugin-3.2.2.jar:/Users/feliberty/.m2/repository/org/apache/maven/maven-plugin-api/3.0/maven-plugin-api-3.0.jar:/Users/feliberty/.m2/repository/org/sonatype/sisu/sisu-inject-plexus/1.4.2/sisu-inject-plexus-1.4.2.jar:/Users/feliberty/.m2/repository/org/sonatype/sisu/sisu-inject-bean/1.4.2/sisu-inject-bean-1.4.2.jar:/Users/feliberty/.m2/repository/org/sonatype/sisu/sisu-guice/2.1.7/sisu-guice-2.1.7-noaop.jar:/Users/feliberty/.m2/repository/org/apache/maven/maven-model/3.0/maven-model-3.0.jar:/Users/feliberty/.m2/repository/org/apache/maven/maven-core/3.0/maven-core-3.0.jar:/Users/feliberty/.m2/repository/org/apache/maven/maven-settings/3.0/maven-settings-3.0.jar:/Users/feliberty/.m2/repository/org/apache/maven/maven-settings-builder/3.0/maven-settings-builder-3.0.jar:/Users/feliberty/.m2/repository/org/apache/maven/maven-repository-metadata/3.0/maven-repository-metadata-3.0.jar:/Users/feliberty/.m2/repository/org/apache/maven/maven-model-builder/3.0/maven-model-builder-3.0.jar:/Users/feliberty/.m2/repository/org/apache/maven/maven-aether-provider/3.0/maven-aether-provider-3.0.jar:/Users/feliberty/.m2/repository/org/sonatype/aether/aether-impl/1.7/aether-impl-1.7.jar:/Users/feliberty/.m2/repository/org/sonatype/aether/aether-spi/1.7/aether-spi-1.7.jar:/Users/feliberty/.m2/repository/org/sonatype/aether/aether-api/1.7/aether-api-1.7.jar:/Users/feliberty/.m2/repository/org/sonatype/aether/aether-util/1.7/aether-util-1.7.jar:/Users/feliberty/.m2/repository/org/codehaus/plexus/plexus-interpolation/1.14/plexus-interpolation-1.14.jar:/Users/feliberty/.m2/repository/org/codehaus/plexus/plexus-classworlds/2.2.3/plexus-classworlds-2.2.3.jar:/Users/feliberty/.m2/repository/org/codehaus/plexus/plexus-component-annotations/1.5.5/plexus-component-annotations-1.5.5.jar:/Users/feliberty/.m2/repository/org/sonatype/plexus/plexus-sec-dispatcher/1.3/plexus-sec-dispatcher-1.3.jar:/Users/feliberty/.m2/repository/org/sonatype/plexus/plexus-cipher/1.4/plexus-cipher-1.4.jar:/Users/feliberty/.m2/repository/org/apache/maven/maven-artifact/3.0/maven-artifact-3.0.jar:/Users/feliberty/.m2/repository/org/codehaus/plexus/plexus-utils/3.3.0/plexus-utils-3.3.0.jar:/Users/feliberty/.m2/repository/org/apache/maven/shared/maven-artifact-transfer/0.12.0/maven-artifact-transfer-0.12.0.jar:/Users/feliberty/.m2/repository/org/apache/maven/shared/maven-common-artifact-filters/3.0.1/maven-common-artifact-filters-3.0.1.jar:/Users/feliberty/.m2/repository/org/apache/maven/shared/maven-shared-utils/3.1.0/maven-shared-utils-3.1.0.jar:/Users/feliberty/.m2/repository/commons-codec/commons-codec/1.11/commons-codec-1.11.jar:/Users/feliberty/.m2/repository/org/ow2/asm/asm/7.3.1/asm-7.3.1.jar:/Users/feliberty/.m2/repository/org/ow2/asm/asm-commons/7.3.1/asm-commons-7.3.1.jar:/Users/feliberty/.m2/repository/org/ow2/asm/asm-tree/7.3.1/asm-tree-7.3.1.jar:/Users/feliberty/.m2/repository/org/ow2/asm/asm-analysis/7.3.1/asm-analysis-7.3.1.jar:/Users/feliberty/.m2/repository/org/jdom/jdom2/2.0.6/jdom2-2.0.6.jar:/Users/feliberty/.m2/repository/org/apache/maven/shared/maven-dependency-tree/3.0.1/maven-dependency-tree-3.0.1.jar:/Users/feliberty/.m2/repository/org/eclipse/aether/aether-util/0.9.0.M2/aether-util-0.9.0.M2.jar:/Users/feliberty/.m2/repository/commons-io/commons-io/2.5/commons-io-2.5.jar:/Users/feliberty/.m2/repository/org/vafer/jdependency/2.3.0/jdependency-2.3.0.jar:/Users/feliberty/.m2/repository/org/ow2/asm/asm-util/7.2-beta/asm-util-7.2-beta.jar:/Users/feliberty/.m2/repository/com/google/guava/guava/19.0/guava-19.0.jar:/Users/feliberty/.m2/repository/org/glassfish/jakarta.el/3.0.3/jakarta.el-3.0.3.jar:/Users/feliberty/.m2/repository/org/mockito/mockito-core/2.21.0/mockito-core-2.21.0.jar:/Users/feliberty/.m2/repository/net/bytebuddy/byte-buddy/1.8.15/byte-buddy-1.8.15.jar:/Users/feliberty/.m2/repository/net/bytebuddy/byte-buddy-agent/1.8.15/byte-buddy-agent-1.8.15.jar:/Users/feliberty/.m2/repository/org/objenesis/objenesis/2.6/objenesis-2.6.jar:/Users/feliberty/.m2/repository/org/hibernate/hibernate-core/5.4.18.Final/hibernate-core-5.4.18.Final.jar:/Users/feliberty/.m2/repository/org/jboss/logging/jboss-logging/3.3.2.Final/jboss-logging-3.3.2.Final.jar:/Users/feliberty/.m2/repository/javax/persistence/javax.persistence-api/2.2/javax.persistence-api-2.2.jar:/Users/feliberty/.m2/repository/org/javassist/javassist/3.24.0-GA/javassist-3.24.0-GA.jar:/Users/feliberty/.m2/repository/antlr/antlr/2.7.7/antlr-2.7.7.jar:/Users/feliberty/.m2/repository/org/jboss/spec/javax/transaction/jboss-transaction-api_1.2_spec/1.1.1.Final/jboss-transaction-api_1.2_spec-1.1.1.Final.jar:/Users/feliberty/.m2/repository/org/jboss/jandex/2.1.3.Final/jandex-2.1.3.Final.jar:/Users/feliberty/.m2/repository/com/fasterxml/classmate/1.5.1/classmate-1.5.1.jar:/Users/feliberty/.m2/repository/javax/activation/javax.activation-api/1.2.0/javax.activation-api-1.2.0.jar:/Users/feliberty/.m2/repository/org/dom4j/dom4j/2.1.3/dom4j-2.1.3.jar:/Users/feliberty/.m2/repository/org/hibernate/common/hibernate-commons-annotations/5.1.0.Final/hibernate-commons-annotations-5.1.0.Final.jar:/Users/feliberty/.m2/repository/javax/xml/bind/jaxb-api/2.3.1/jaxb-api-2.3.1.jar:/Users/feliberty/.m2/repository/org/glassfish/jaxb/jaxb-runtime/2.3.1/jaxb-runtime-2.3.1.jar:/Users/feliberty/.m2/repository/org/glassfish/jaxb/txw2/2.3.1/txw2-2.3.1.jar:/Users/feliberty/.m2/repository/com/sun/istack/istack-commons-runtime/3.0.7/istack-commons-runtime-3.0.7.jar:/Users/feliberty/.m2/repository/org/jvnet/staxex/stax-ex/1.8/stax-ex-1.8.jar:/Users/feliberty/.m2/repository/com/sun/xml/fastinfoset/FastInfoset/1.2.15/FastInfoset-1.2.15.jar:/Users/feliberty/.m2/repository/org/hibernate/validator/hibernate-validator/6.1.5.Final/hibernate-validator-6.1.5.Final.jar:/Users/feliberty/.m2/repository/jakarta/validation/jakarta.validation-api/2.0.2/jakarta.validation-api-2.0.2.jar:"/>
    <property name="java.vm.vendor" value="JetBrains s.r.o."/>
    <property name="sun.arch.data.model" value="64"/>
    <property name="java.vendor.url" value="https://www.jetbrains.com/"/>
    <property name="user.timezone" value="America/New_York"/>
    <property name="java.vm.specification.version" value="11"/>
    <property name="os.name" value="Mac OS X"/>
    <property name="sun.java.launcher" value="SUN_STANDARD"/>
    <property name="user.country" value="US"/>
    <property name="sun.boot.library.path" value="/Applications/IntelliJ IDEA CE.app/Contents/jbr/Contents/Home/lib"/>
    <property name="sun.java.command" value="/Users/feliberty/Documents/Revature/Projects/Project1/FullStack-Company-Reimbursement-System/Project1/target/surefire/surefirebooter9786799047898043738.jar /Users/feliberty/Documents/Revature/Projects/Project1/FullStack-Company-Reimbursement-System/Project1/target/surefire 2020-08-10T08-03-22_759-jvmRun1 surefire4791155557855817148tmp surefire_04798891664444035715tmp"/>
    <property name="http.nonProxyHosts" value="local|*.local|169.254/16|*.169.254/16"/>
    <property name="jdk.debug" value="release"/>
    <property name="surefire.test.class.path" value="/Users/feliberty/Documents/Revature/Projects/Project1/FullStack-Company-Reimbursement-System/Project1/target/test-classes:/Users/feliberty/Documents/Revature/Projects/Project1/FullStack-Company-Reimbursement-System/Project1/target/classes:/Users/feliberty/.m2/repository/org/junit/jupiter/junit-jupiter-engine/5.6.2/junit-jupiter-engine-5.6.2.jar:/Users/feliberty/.m2/repository/org/apiguardian/apiguardian-api/1.1.0/apiguardian-api-1.1.0.jar:/Users/feliberty/.m2/repository/org/junit/platform/junit-platform-engine/1.6.2/junit-platform-engine-1.6.2.jar:/Users/feliberty/.m2/repository/org/opentest4j/opentest4j/1.2.0/opentest4j-1.2.0.jar:/Users/feliberty/.m2/repository/org/junit/platform/junit-platform-commons/1.6.2/junit-platform-commons-1.6.2.jar:/Users/feliberty/.m2/repository/org/junit/jupiter/junit-jupiter-api/5.6.2/junit-jupiter-api-5.6.2.jar:/Users/feliberty/.m2/repository/io/javalin/javalin/3.9.1/javalin-3.9.1.jar:/Users/feliberty/.m2/repository/org/slf4j/slf4j-api/1.7.30/slf4j-api-1.7.30.jar:/Users/feliberty/.m2/repository/org/eclipse/jetty/jetty-server/9.4.30.v20200611/jetty-server-9.4.30.v20200611.jar:/Users/feliberty/.m2/repository/javax/servlet/javax.servlet-api/3.1.0/javax.servlet-api-3.1.0.jar:/Users/feliberty/.m2/repository/org/eclipse/jetty/jetty-http/9.4.30.v20200611/jetty-http-9.4.30.v20200611.jar:/Users/feliberty/.m2/repository/org/eclipse/jetty/jetty-util/9.4.30.v20200611/jetty-util-9.4.30.v20200611.jar:/Users/feliberty/.m2/repository/org/eclipse/jetty/jetty-io/9.4.30.v20200611/jetty-io-9.4.30.v20200611.jar:/Users/feliberty/.m2/repository/org/eclipse/jetty/jetty-webapp/9.4.30.v20200611/jetty-webapp-9.4.30.v20200611.jar:/Users/feliberty/.m2/repository/org/eclipse/jetty/jetty-xml/9.4.30.v20200611/jetty-xml-9.4.30.v20200611.jar:/Users/feliberty/.m2/repository/org/eclipse/jetty/jetty-servlet/9.4.30.v20200611/jetty-servlet-9.4.30.v20200611.jar:/Users/feliberty/.m2/repository/org/eclipse/jetty/jetty-security/9.4.30.v20200611/jetty-security-9.4.30.v20200611.jar:/Users/feliberty/.m2/repository/org/eclipse/jetty/websocket/websocket-server/9.4.30.v20200611/websocket-server-9.4.30.v20200611.jar:/Users/feliberty/.m2/repository/org/eclipse/jetty/websocket/websocket-common/9.4.30.v20200611/websocket-common-9.4.30.v20200611.jar:/Users/feliberty/.m2/repository/org/eclipse/jetty/websocket/websocket-api/9.4.30.v20200611/websocket-api-9.4.30.v20200611.jar:/Users/feliberty/.m2/repository/org/eclipse/jetty/websocket/websocket-client/9.4.30.v20200611/websocket-client-9.4.30.v20200611.jar:/Users/feliberty/.m2/repository/org/eclipse/jetty/jetty-client/9.4.30.v20200611/jetty-client-9.4.30.v20200611.jar:/Users/feliberty/.m2/repository/org/eclipse/jetty/websocket/websocket-servlet/9.4.30.v20200611/websocket-servlet-9.4.30.v20200611.jar:/Users/feliberty/.m2/repository/org/jetbrains/kotlin/kotlin-stdlib-jdk8/1.3.71/kotlin-stdlib-jdk8-1.3.71.jar:/Users/feliberty/.m2/repository/org/jetbrains/kotlin/kotlin-stdlib/1.3.71/kotlin-stdlib-1.3.71.jar:/Users/feliberty/.m2/repository/org/jetbrains/kotlin/kotlin-stdlib-common/1.3.71/kotlin-stdlib-common-1.3.71.jar:/Users/feliberty/.m2/repository/org/jetbrains/annotations/13.0/annotations-13.0.jar:/Users/feliberty/.m2/repository/org/jetbrains/kotlin/kotlin-stdlib-jdk7/1.3.71/kotlin-stdlib-jdk7-1.3.71.jar:/Users/feliberty/.m2/repository/org/slf4j/slf4j-simple/1.7.30/slf4j-simple-1.7.30.jar:/Users/feliberty/.m2/repository/com/google/code/gson/gson/2.8.6/gson-2.8.6.jar:/Users/feliberty/.m2/repository/org/mariadb/jdbc/mariadb-java-client/2.6.1/mariadb-java-client-2.6.1.jar:/Users/feliberty/.m2/repository/org/apache/maven/plugins/maven-shade-plugin/3.2.2/maven-shade-plugin-3.2.2.jar:/Users/feliberty/.m2/repository/org/apache/maven/maven-plugin-api/3.0/maven-plugin-api-3.0.jar:/Users/feliberty/.m2/repository/org/sonatype/sisu/sisu-inject-plexus/1.4.2/sisu-inject-plexus-1.4.2.jar:/Users/feliberty/.m2/repository/org/sonatype/sisu/sisu-inject-bean/1.4.2/sisu-inject-bean-1.4.2.jar:/Users/feliberty/.m2/repository/org/sonatype/sisu/sisu-guice/2.1.7/sisu-guice-2.1.7-noaop.jar:/Users/feliberty/.m2/repository/org/apache/maven/maven-model/3.0/maven-model-3.0.jar:/Users/feliberty/.m2/repository/org/apache/maven/maven-core/3.0/maven-core-3.0.jar:/Users/feliberty/.m2/repository/org/apache/maven/maven-settings/3.0/maven-settings-3.0.jar:/Users/feliberty/.m2/repository/org/apache/maven/maven-settings-builder/3.0/maven-settings-builder-3.0.jar:/Users/feliberty/.m2/repository/org/apache/maven/maven-repository-metadata/3.0/maven-repository-metadata-3.0.jar:/Users/feliberty/.m2/repository/org/apache/maven/maven-model-builder/3.0/maven-model-builder-3.0.jar:/Users/feliberty/.m2/repository/org/apache/maven/maven-aether-provider/3.0/maven-aether-provider-3.0.jar:/Users/feliberty/.m2/repository/org/sonatype/aether/aether-impl/1.7/aether-impl-1.7.jar:/Users/feliberty/.m2/repository/org/sonatype/aether/aether-spi/1.7/aether-spi-1.7.jar:/Users/feliberty/.m2/repository/org/sonatype/aether/aether-api/1.7/aether-api-1.7.jar:/Users/feliberty/.m2/repository/org/sonatype/aether/aether-util/1.7/aether-util-1.7.jar:/Users/feliberty/.m2/repository/org/codehaus/plexus/plexus-interpolation/1.14/plexus-interpolation-1.14.jar:/Users/feliberty/.m2/repository/org/codehaus/plexus/plexus-classworlds/2.2.3/plexus-classworlds-2.2.3.jar:/Users/feliberty/.m2/repository/org/codehaus/plexus/plexus-component-annotations/1.5.5/plexus-component-annotations-1.5.5.jar:/Users/feliberty/.m2/repository/org/sonatype/plexus/plexus-sec-dispatcher/1.3/plexus-sec-dispatcher-1.3.jar:/Users/feliberty/.m2/repository/org/sonatype/plexus/plexus-cipher/1.4/plexus-cipher-1.4.jar:/Users/feliberty/.m2/repository/org/apache/maven/maven-artifact/3.0/maven-artifact-3.0.jar:/Users/feliberty/.m2/repository/org/codehaus/plexus/plexus-utils/3.3.0/plexus-utils-3.3.0.jar:/Users/feliberty/.m2/repository/org/apache/maven/shared/maven-artifact-transfer/0.12.0/maven-artifact-transfer-0.12.0.jar:/Users/feliberty/.m2/repository/org/apache/maven/shared/maven-common-artifact-filters/3.0.1/maven-common-artifact-filters-3.0.1.jar:/Users/feliberty/.m2/repository/org/apache/maven/shared/maven-shared-utils/3.1.0/maven-shared-utils-3.1.0.jar:/Users/feliberty/.m2/repository/commons-codec/commons-codec/1.11/commons-codec-1.11.jar:/Users/feliberty/.m2/repository/org/ow2/asm/asm/7.3.1/asm-7.3.1.jar:/Users/feliberty/.m2/repository/org/ow2/asm/asm-commons/7.3.1/asm-commons-7.3.1.jar:/Users/feliberty/.m2/repository/org/ow2/asm/asm-tree/7.3.1/asm-tree-7.3.1.jar:/Users/feliberty/.m2/repository/org/ow2/asm/asm-analysis/7.3.1/asm-analysis-7.3.1.jar:/Users/feliberty/.m2/repository/org/jdom/jdom2/2.0.6/jdom2-2.0.6.jar:/Users/feliberty/.m2/repository/org/apache/maven/shared/maven-dependency-tree/3.0.1/maven-dependency-tree-3.0.1.jar:/Users/feliberty/.m2/repository/org/eclipse/aether/aether-util/0.9.0.M2/aether-util-0.9.0.M2.jar:/Users/feliberty/.m2/repository/commons-io/commons-io/2.5/commons-io-2.5.jar:/Users/feliberty/.m2/repository/org/vafer/jdependency/2.3.0/jdependency-2.3.0.jar:/Users/feliberty/.m2/repository/org/ow2/asm/asm-util/7.2-beta/asm-util-7.2-beta.jar:/Users/feliberty/.m2/repository/com/google/guava/guava/19.0/guava-19.0.jar:/Users/feliberty/.m2/repository/org/glassfish/jakarta.el/3.0.3/jakarta.el-3.0.3.jar:/Users/feliberty/.m2/repository/org/mockito/mockito-core/2.21.0/mockito-core-2.21.0.jar:/Users/feliberty/.m2/repository/net/bytebuddy/byte-buddy/1.8.15/byte-buddy-1.8.15.jar:/Users/feliberty/.m2/repository/net/bytebuddy/byte-buddy-agent/1.8.15/byte-buddy-agent-1.8.15.jar:/Users/feliberty/.m2/repository/org/objenesis/objenesis/2.6/objenesis-2.6.jar:/Users/feliberty/.m2/repository/org/hibernate/hibernate-core/5.4.18.Final/hibernate-core-5.4.18.Final.jar:/Users/feliberty/.m2/repository/org/jboss/logging/jboss-logging/3.3.2.Final/jboss-logging-3.3.2.Final.jar:/Users/feliberty/.m2/repository/javax/persistence/javax.persistence-api/2.2/javax.persistence-api-2.2.jar:/Users/feliberty/.m2/repository/org/javassist/javassist/3.24.0-GA/javassist-3.24.0-GA.jar:/Users/feliberty/.m2/repository/antlr/antlr/2.7.7/antlr-2.7.7.jar:/Users/feliberty/.m2/repository/org/jboss/spec/javax/transaction/jboss-transaction-api_1.2_spec/1.1.1.Final/jboss-transaction-api_1.2_spec-1.1.1.Final.jar:/Users/feliberty/.m2/repository/org/jboss/jandex/2.1.3.Final/jandex-2.1.3.Final.jar:/Users/feliberty/.m2/repository/com/fasterxml/classmate/1.5.1/classmate-1.5.1.jar:/Users/feliberty/.m2/repository/javax/activation/javax.activation-api/1.2.0/javax.activation-api-1.2.0.jar:/Users/feliberty/.m2/repository/org/dom4j/dom4j/2.1.3/dom4j-2.1.3.jar:/Users/feliberty/.m2/repository/org/hibernate/common/hibernate-commons-annotations/5.1.0.Final/hibernate-commons-annotations-5.1.0.Final.jar:/Users/feliberty/.m2/repository/javax/xml/bind/jaxb-api/2.3.1/jaxb-api-2.3.1.jar:/Users/feliberty/.m2/repository/org/glassfish/jaxb/jaxb-runtime/2.3.1/jaxb-runtime-2.3.1.jar:/Users/feliberty/.m2/repository/org/glassfish/jaxb/txw2/2.3.1/txw2-2.3.1.jar:/Users/feliberty/.m2/repository/com/sun/istack/istack-commons-runtime/3.0.7/istack-commons-runtime-3.0.7.jar:/Users/feliberty/.m2/repository/org/jvnet/staxex/stax-ex/1.8/stax-ex-1.8.jar:/Users/feliberty/.m2/repository/com/sun/xml/fastinfoset/FastInfoset/1.2.15/FastInfoset-1.2.15.jar:/Users/feliberty/.m2/repository/org/hibernate/validator/hibernate-validator/6.1.5.Final/hibernate-validator-6.1.5.Final.jar:/Users/feliberty/.m2/repository/jakarta/validation/jakarta.validation-api/2.0.2/jakarta.validation-api-2.0.2.jar:"/>
    <property name="sun.cpu.endian" value="little"/>
    <property name="user.home" value="/Users/feliberty"/>
    <property name="user.language" value="en"/>
    <property name="java.specification.vendor" value="Oracle Corporation"/>
    <property name="java.version.date" value="2020-04-14"/>
    <property name="java.home" value="/Applications/IntelliJ IDEA CE.app/Contents/jbr/Contents/Home"/>
    <property name="file.separator" value="/"/>
    <property name="basedir" value="/Users/feliberty/Documents/Revature/Projects/Project1/FullStack-Company-Reimbursement-System/Project1"/>
    <property name="java.vm.compressedOopsMode" value="Zero based"/>
    <property name="line.separator" value="&#10;"/>
    <property name="java.specification.name" value="Java Platform API Specification"/>
    <property name="java.vm.specification.vendor" value="Oracle Corporation"/>
    <property name="java.awt.graphicsenv" value="sun.awt.CGraphicsEnvironment"/>
    <property name="surefire.real.class.path" value="/Users/feliberty/Documents/Revature/Projects/Project1/FullStack-Company-Reimbursement-System/Project1/target/surefire/surefirebooter9786799047898043738.jar"/>
    <property name="sun.management.compiler" value="HotSpot 64-Bit Tiered Compilers"/>
    <property name="ftp.nonProxyHosts" value="local|*.local|169.254/16|*.169.254/16"/>
    <property name="java.runtime.version" value="11.0.7+10-b944.20"/>
    <property name="user.name" value="feliberty"/>
    <property name="path.separator" value=":"/>
    <property name="os.version" value="10.15.6"/>
    <property name="java.runtime.name" value="OpenJDK Runtime Environment"/>
    <property name="file.encoding" value="UTF-8"/>
    <property name="java.vm.name" value="OpenJDK 64-Bit Server VM"/>
    <property name="java.vendor.version" value="JBR-11.0.7.10-944.20-jcef"/>
    <property name="localRepository" value="/Users/feliberty/.m2/repository"/>
    <property name="java.vendor.url.bug" value="https://youtrack.jetbrains.com"/>
    <property name="java.io.tmpdir" value="/var/folders/kt/03y6d7n97vl49xktxdwklgnm0000gn/T/"/>
    <property name="idea.version" value="2020.2"/>
    <property name="java.version" value="11.0.7"/>
    <property name="user.dir" value="/Users/feliberty/Documents/Revature/Projects/Project1/FullStack-Company-Reimbursement-System/Project1"/>
    <property name="os.arch" value="x86_64"/>
    <property name="java.vm.specification.name" value="Java Virtual Machine Specification"/>
    <property name="java.awt.printerjob" value="sun.lwawt.macosx.CPrinterJob"/>
    <property name="sun.os.patch.level" value="unknown"/>
    <property name="java.library.path" value="/Users/feliberty/Library/Java/Extensions:/Library/Java/Extensions:/Network/Library/Java/Extensions:/System/Library/Java/Extensions:/usr/lib/java:."/>
    <property name="java.vendor" value="JetBrains s.r.o."/>
    <property name="java.vm.info" value="mixed mode"/>
    <property name="java.vm.version" value="11.0.7+10-b944.20"/>
    <property name="sun.io.unicode.encoding" value="UnicodeBig"/>
    <property name="java.class.version" value="55.0"/>
    <property name="socksNonProxyHosts" value="local|*.local|169.254/16|*.169.254/16"/>
  </properties>
  <testcase name="createEmployee" classname="dev.edwin.servicetests.EmployeeServiceTest" time="0.162"/>
  <testcase name="getEmployeeById" classname="dev.edwin.servicetests.EmployeeServiceTest" time="0.156"/>
  <testcase name="getEmployeeByEmail" classname="dev.edwin.servicetests.EmployeeServiceTest" time="0.16"/>
  <testcase name="getEmployeeByName" classname="dev.edwin.servicetests.EmployeeServiceTest" time="0.168"/>
  <testcase name="getAllEmployees" classname="dev.edwin.servicetests.EmployeeServiceTest" time="0.155"/>
  <testcase name="getAllEmployeesNameAtoZ" classname="dev.edwin.servicetests.EmployeeServiceTest" time="0.161"/>
  <testcase name="getAllEmployeesNameZtoA" classname="dev.edwin.servicetests.EmployeeServiceTest" time="0.164"/>
  <testcase name="updateEmployee" classname="dev.edwin.servicetests.EmployeeServiceTest" time="0.313"/>
  <testcase name="deleteEmployee" classname="dev.edwin.servicetests.EmployeeServiceTest" time="0.333"/>
  <testcase name="getEmployeesByManager" classname="dev.edwin.servicetests.EmployeeServiceTest" time="0.158">
    <system-out><![CDATA[[Employee{eid=10, email='Collection.Set.Hashset@java.com', password='10101010101', name='Collection.Set.Hashset', image_url='https://robohash.org/collectionsethashset', manager=1}, Employee{eid=11, email='Collection.Set.LinkedHashSet@java.com', password='10101010101', name='Collection.Set.LinkedHashSet', image_url='https://robohash.org/Collection.Set.LinkedHashSet', manager=1}, Employee{eid=15, email='Collection.Set.SortedSet@java.com', password='10101010101', name='Collection.Set.SortedSet', image_url='https://robohash.org/Collection.Set.SortedSet', manager=1}, Employee{eid=16, email='Collection.Set.TreeSet@java.com', password='10101010101', name='Collection.Set.TreeSet', image_url='https://robohash.org/Collection.Set.TreeSet', manager=1}]
]]></system-out>
  </testcase>
</testsuite>